<?xml version="1.0" encoding="UTF-8"?>
<testsuite name="SplitPathNameTest" tests="1" skipped="0" failures="0" errors="0" timestamp="2020-03-05T17:11:08" hostname="N0-SurfacePro7" time="1.382">
  <properties/>
  <testcase name="testCallingMain" classname="SplitPathNameTest" time="1.382"/>
  <system-out><![CDATA[]]></system-out>
  <system-err><![CDATA[]]></system-err>
</testsuite>
