<?xml version="1.0" encoding="UTF-8"?>
<testsuite name="MeanVarianceTest" tests="3" skipped="0" failures="0" errors="0" timestamp="2020-01-23T00:19:11" hostname="MSI" time="0.003">
  <properties/>
  <testcase name="testCallingMainGeneralCase" classname="MeanVarianceTest" time="0.002"/>
  <testcase name="testCallingMainWithSingleValueInputs" classname="MeanVarianceTest" time="0.001"/>
  <testcase name="testCallingMainWithSeveralIdenticalValueInputs" classname="MeanVarianceTest" time="0.0"/>
  <system-out><![CDATA[]]></system-out>
  <system-err><![CDATA[]]></system-err>
</testsuite>
