<?xml version="1.0" encoding="UTF-8"?>
<testsuite name="FavouritesTest" tests="1" skipped="0" failures="0" errors="0" timestamp="2020-03-08T02:58:28" hostname="N0-SurfacePro7" time="0.003">
  <properties/>
  <testcase name="testShowFavourites_tooManyItems" classname="FavouritesTest" time="0.003"/>
  <system-out><![CDATA[]]></system-out>
  <system-err><![CDATA[]]></system-err>
</testsuite>
