<?xml version="1.0" encoding="UTF-8"?>
<testsuite name="SaferQuadraticSolverTest" tests="3" skipped="0" failures="0" errors="0" timestamp="2020-01-16T13:50:20" hostname="MSI" time="0.004">
  <properties/>
  <testcase name="testCallingMainWithSafeValues" classname="SaferQuadraticSolverTest" time="0.003"/>
  <testcase name="testCallingMainWithAEquals0" classname="SaferQuadraticSolverTest" time="0.0"/>
  <testcase name="testCallingMainWithImaginaryRoots" classname="SaferQuadraticSolverTest" time="0.0"/>
  <system-out><![CDATA[]]></system-out>
  <system-err><![CDATA[]]></system-err>
</testsuite>
