<?xml version="1.0" encoding="UTF-8"?>
<testsuite name="DAQITest" tests="1" skipped="0" failures="0" errors="0" timestamp="2020-02-12T11:02:11" hostname="MSI" time="0.001">
  <properties/>
  <testcase name="testPM25DAQIZero" classname="DAQITest" time="0.001"/>
  <system-out><![CDATA[]]></system-out>
  <system-err><![CDATA[]]></system-err>
</testsuite>
