<?xml version="1.0" encoding="UTF-8"?>
<testsuite name="IsTriangularTest" tests="1" skipped="0" failures="0" errors="0" timestamp="2020-01-28T02:39:22" hostname="MSI" time="0.001">
  <properties/>
  <testcase name="testIsTri" classname="IsTriangularTest" time="0.001"/>
  <system-out><![CDATA[]]></system-out>
  <system-err><![CDATA[]]></system-err>
</testsuite>
