<?xml version="1.0" encoding="UTF-8"?>
<testsuite name="SaferDividerTest" tests="3" skipped="0" failures="0" errors="0" timestamp="2020-01-16T13:29:03" hostname="MSI" time="0.004">
  <properties/>
  <testcase name="test1" classname="SaferDividerTest" time="0.003"/>
  <testcase name="test2" classname="SaferDividerTest" time="0.0"/>
  <testcase name="test3" classname="SaferDividerTest" time="0.001"/>
  <system-out><![CDATA[]]></system-out>
  <system-err><![CDATA[]]></system-err>
</testsuite>
