<?xml version="1.0" encoding="UTF-8"?>
<testsuite name="DateFashionTest" tests="2" skipped="0" failures="0" errors="0" timestamp="2020-01-27T02:03:55" hostname="N0-SurfacePro7" time="0.002">
  <properties/>
  <testcase name="testCallingMain" classname="DateFashionTest" time="0.002"/>
  <testcase name="testDateFashion" classname="DateFashionTest" time="0.0"/>
  <system-out><![CDATA[]]></system-out>
  <system-err><![CDATA[]]></system-err>
</testsuite>
