<?xml version="1.0" encoding="UTF-8"?>
<testsuite name="MultiplesLoopRangeTest" tests="1" skipped="0" failures="0" errors="0" timestamp="2020-01-19T22:33:57" hostname="N0-SurfacePro7" time="0.002">
  <properties/>
  <testcase name="test6" classname="MultiplesLoopRangeTest" time="0.002"/>
  <system-out><![CDATA[]]></system-out>
  <system-err><![CDATA[]]></system-err>
</testsuite>
