<?xml version="1.0" encoding="UTF-8"?>
<testsuite name="VoronoiTest" tests="3" skipped="0" failures="0" errors="0" timestamp="2020-03-16T18:51:09" hostname="DESKTOP-P2LTMGC" time="0.004">
  <properties/>
  <testcase name="testPointDist" classname="VoronoiTest" time="0.002"/>
  <testcase name="testFindClosestPoint" classname="VoronoiTest" time="0.0"/>
  <testcase name="testBuildVeronoiMap" classname="VoronoiTest" time="0.002"/>
  <system-out><![CDATA[]]></system-out>
  <system-err><![CDATA[]]></system-err>
</testsuite>
