<?xml version="1.0" encoding="UTF-8"?>
<testsuite name="NMaxTest" tests="2" skipped="0" failures="0" errors="0" timestamp="2020-01-28T03:06:36" hostname="MSI" time="0.001">
  <properties/>
  <testcase name="testMax_double" classname="NMaxTest" time="0.001"/>
  <testcase name="testMax_int" classname="NMaxTest" time="0.0"/>
  <system-out><![CDATA[]]></system-out>
  <system-err><![CDATA[]]></system-err>
</testsuite>
