<?xml version="1.0" encoding="UTF-8"?>
<testsuite name="CreditCardTest" tests="1" skipped="0" failures="0" errors="0" timestamp="2020-03-08T04:03:15" hostname="N0-SurfacePro7" time="0.019">
  <properties/>
  <testcase name="testToString" classname="CreditCardTest" time="0.019"/>
  <system-out><![CDATA[]]></system-out>
  <system-err><![CDATA[]]></system-err>
</testsuite>
