<?xml version="1.0" encoding="UTF-8"?>
<testsuite name="music.FavouritesTest" tests="4" skipped="0" failures="0" errors="0" timestamp="2020-03-17T12:39:37" hostname="DESKTOP-P2LTMGC" time="0.005">
  <properties/>
  <testcase name="testShowFavourites_partialList" classname="music.FavouritesTest" time="0.003"/>
  <testcase name="testShowFavourites_fullList" classname="music.FavouritesTest" time="0.001"/>
  <testcase name="testShowFavourites_extraItem" classname="music.FavouritesTest" time="0.0"/>
  <testcase name="testShowFavourites_emptyList" classname="music.FavouritesTest" time="0.001"/>
  <system-out><![CDATA[]]></system-out>
  <system-err><![CDATA[]]></system-err>
</testsuite>
