<?xml version="1.0" encoding="UTF-8"?>
<testsuite name="MultiplierTest" tests="1" skipped="0" failures="0" errors="0" timestamp="2020-01-15T15:31:26" hostname="MSI" time="0.002">
  <properties/>
  <testcase name="testCallingMain" classname="MultiplierTest" time="0.002"/>
  <system-out><![CDATA[]]></system-out>
  <system-err><![CDATA[]]></system-err>
</testsuite>
