<?xml version="1.0" encoding="UTF-8"?>
<testsuite name="PolarCoordinatesTest" tests="1" skipped="0" failures="0" errors="0" timestamp="2020-01-15T17:08:05" hostname="MSI" time="0.007">
  <properties/>
  <testcase name="testCallingMain" classname="PolarCoordinatesTest" time="0.007"/>
  <system-out><![CDATA[]]></system-out>
  <system-err><![CDATA[]]></system-err>
</testsuite>
