<?xml version="1.0" encoding="UTF-8"?>
<testsuite name="LopsidedNumberTriangleTest" tests="2" skipped="0" failures="0" errors="0" timestamp="2020-01-19T23:25:39" hostname="N0-SurfacePro7" time="0.003">
  <properties/>
  <testcase name="testConvertToUnix" classname="LopsidedNumberTriangleTest" time="0.001"/>
  <testcase name="test1" classname="LopsidedNumberTriangleTest" time="0.002"/>
  <system-out><![CDATA[]]></system-out>
  <system-err><![CDATA[]]></system-err>
</testsuite>
