<?xml version="1.0" encoding="UTF-8"?>
<testsuite name="ArrayFront9Test" tests="1" skipped="0" failures="0" errors="0" timestamp="2020-01-23T23:02:35" hostname="MSI" time="0.001">
  <properties/>
  <testcase name="testArrayFront9" classname="ArrayFront9Test" time="0.001"/>
  <system-out><![CDATA[]]></system-out>
  <system-err><![CDATA[]]></system-err>
</testsuite>
