<?xml version="1.0" encoding="UTF-8"?>
<testsuite name="TempMedianTest" tests="2" skipped="0" failures="0" errors="0" timestamp="2020-01-23T01:44:57" hostname="MSI" time="0.004">
  <properties/>
  <testcase name="testCallingMainGeneralCase" classname="TempMedianTest" time="0.003"/>
  <testcase name="testCallingMainWithSingleValue" classname="TempMedianTest" time="0.001"/>
  <system-out><![CDATA[]]></system-out>
  <system-err><![CDATA[]]></system-err>
</testsuite>
