<?xml version="1.0" encoding="UTF-8"?>
<testsuite name="Vector3DTest" tests="1" skipped="0" failures="0" errors="0" timestamp="2020-03-09T18:14:27" hostname="N0-SurfacePro7" time="0.001">
  <properties/>
  <testcase name="testGetPhi" classname="Vector3DTest" time="0.001"/>
  <system-out><![CDATA[]]></system-out>
  <system-err><![CDATA[]]></system-err>
</testsuite>
