<?xml version="1.0" encoding="UTF-8"?>
<testsuite name="GamblerTest" tests="2" skipped="0" failures="0" errors="0" timestamp="2020-01-19T23:38:32" hostname="N0-SurfacePro7" time="0.002">
  <properties/>
  <testcase name="test1" classname="GamblerTest" time="0.002"/>
  <testcase name="test2" classname="GamblerTest" time="0.0"/>
  <system-out><![CDATA[]]></system-out>
  <system-err><![CDATA[]]></system-err>
</testsuite>
