<?xml version="1.0" encoding="UTF-8"?>
<testsuite name="ArrayRotateTest" tests="1" skipped="0" failures="0" errors="0" timestamp="2020-01-22T23:31:59" hostname="MSI" time="0.002">
  <properties/>
  <testcase name="testCallingMain" classname="ArrayRotateTest" time="0.002"/>
  <system-out><![CDATA[]]></system-out>
  <system-err><![CDATA[]]></system-err>
</testsuite>
