<?xml version="1.0" encoding="UTF-8"?>
<testsuite name="FacePrinterTest" tests="1" skipped="0" failures="0" errors="0" timestamp="2020-01-15T16:34:42" hostname="MSI" time="0.004">
  <properties/>
  <testcase name="testCallingMain" classname="FacePrinterTest" time="0.004"/>
  <system-out><![CDATA[]]></system-out>
  <system-err><![CDATA[]]></system-err>
</testsuite>
