<?xml version="1.0" encoding="UTF-8"?>
<testsuite name="Has271Test" tests="1" skipped="0" failures="0" errors="0" timestamp="2020-03-05T02:47:39" hostname="N0-SurfacePro7" time="0.002">
  <properties/>
  <testcase name="testHas271" classname="Has271Test" time="0.002"/>
  <system-out><![CDATA[]]></system-out>
  <system-err><![CDATA[]]></system-err>
</testsuite>
