<?xml version="1.0" encoding="UTF-8"?>
<testsuite name="BooleanExprTest" tests="1" skipped="0" failures="0" errors="0" timestamp="2020-01-15T16:21:59" hostname="MSI" time="0.003">
  <properties/>
  <testcase name="testCallingMain" classname="BooleanExprTest" time="0.003"/>
  <system-out><![CDATA[]]></system-out>
  <system-err><![CDATA[]]></system-err>
</testsuite>
