<?xml version="1.0" encoding="UTF-8"?>
<testsuite name="NbyNTest" tests="1" skipped="0" failures="0" errors="0" timestamp="2020-03-05T03:44:12" hostname="N0-SurfacePro7" time="0.003">
  <properties/>
  <testcase name="testMain" classname="NbyNTest" time="0.003"/>
  <system-out><![CDATA[]]></system-out>
  <system-err><![CDATA[]]></system-err>
</testsuite>
