<?xml version="1.0" encoding="UTF-8"?>
<testsuite name="CoordinateConverterTest" tests="6" skipped="0" failures="0" errors="0" timestamp="2020-01-29T16:39:48" hostname="MSI" time="0.002">
  <properties/>
  <testcase name="testConvertDegToRad" classname="CoordinateConverterTest" time="0.001"/>
  <testcase name="testConvertRadToDeg" classname="CoordinateConverterTest" time="0.0"/>
  <testcase name="testConvertRTtoX" classname="CoordinateConverterTest" time="0.0"/>
  <testcase name="testConvertRTtoY" classname="CoordinateConverterTest" time="0.0"/>
  <testcase name="testConvertXYtoR" classname="CoordinateConverterTest" time="0.0"/>
  <testcase name="testConvertXYtoT" classname="CoordinateConverterTest" time="0.0"/>
  <system-out><![CDATA[]]></system-out>
  <system-err><![CDATA[]]></system-err>
</testsuite>
