<?xml version="1.0" encoding="UTF-8"?>
<testsuite name="ImQuadraticSolverTest" tests="3" skipped="0" failures="0" errors="0" timestamp="2020-01-20T00:04:36" hostname="N0-SurfacePro7" time="0.004">
  <properties/>
  <testcase name="testCallingMainWithSafeValues" classname="ImQuadraticSolverTest" time="0.003"/>
  <testcase name="testCallingMainWithAEquals0" classname="ImQuadraticSolverTest" time="0.0"/>
  <testcase name="testCallingMainWithImaginaryRoots" classname="ImQuadraticSolverTest" time="0.0"/>
  <system-out><![CDATA[]]></system-out>
  <system-err><![CDATA[]]></system-err>
</testsuite>
