<?xml version="1.0" encoding="UTF-8"?>
<testsuite name="FloatDivTest" tests="1" skipped="0" failures="0" errors="0" timestamp="2020-01-21T11:31:59" hostname="N0-SurfacePro7" time="0.003">
  <properties/>
  <testcase name="testCallingMain" classname="FloatDivTest" time="0.003"/>
  <system-out><![CDATA[]]></system-out>
  <system-err><![CDATA[]]></system-err>
</testsuite>
